<?xml version="1.0" encoding="UTF-8"?>
<testsuite xmlns:xsi="http://www.w3.org/2001/XMLSchema-instance" xsi:noNamespaceSchemaLocation="https://maven.apache.org/surefire/maven-failsafe-plugin/xsd/failsafe-test-report.xsd" name="uk.nhs.careconnect.ri.term.TerminologyLoaderTestIT" time="0.639" tests="4" errors="0" skipped="1" failures="0">
  <properties>
    <property name="gopherProxySet" value="false"/>
    <property name="awt.toolkit" value="sun.lwawt.macosx.LWCToolkit"/>
    <property name="file.encoding.pkg" value="sun.io"/>
    <property name="java.specification.version" value="1.8"/>
    <property name="sun.cpu.isalist" value=""/>
    <property name="sun.jnu.encoding" value="UTF-8"/>
    <property name="java.class.path" value="/Users/narasimhakotnala/Documents/a2si-appointments-poc/ccri-dao-stu3/target/test-classes:/Users/narasimhakotnala/Documents/a2si-appointments-poc/ccri-dao-stu3/target/ccri-dao-stu3-3.6.0.a.jar:/Users/narasimhakotnala/.m2/repository/org/springframework/boot/spring-boot-starter-data-jpa/1.5.7.RELEASE/spring-boot-starter-data-jpa-1.5.7.RELEASE.jar:/Users/narasimhakotnala/.m2/repository/org/springframework/boot/spring-boot-starter/1.5.7.RELEASE/spring-boot-starter-1.5.7.RELEASE.jar:/Users/narasimhakotnala/.m2/repository/org/springframework/boot/spring-boot/1.5.7.RELEASE/spring-boot-1.5.7.RELEASE.jar:/Users/narasimhakotnala/.m2/repository/org/springframework/boot/spring-boot-autoconfigure/1.5.7.RELEASE/spring-boot-autoconfigure-1.5.7.RELEASE.jar:/Users/narasimhakotnala/.m2/repository/org/springframework/boot/spring-boot-starter-logging/1.5.7.RELEASE/spring-boot-starter-logging-1.5.7.RELEASE.jar:/Users/narasimhakotnala/.m2/repository/org/slf4j/jul-to-slf4j/1.7.25/jul-to-slf4j-1.7.25.jar:/Users/narasimhakotnala/.m2/repository/org/slf4j/log4j-over-slf4j/1.7.25/log4j-over-slf4j-1.7.25.jar:/Users/narasimhakotnala/.m2/repository/org/yaml/snakeyaml/1.17/snakeyaml-1.17.jar:/Users/narasimhakotnala/.m2/repository/org/springframework/boot/spring-boot-starter-aop/1.5.7.RELEASE/spring-boot-starter-aop-1.5.7.RELEASE.jar:/Users/narasimhakotnala/.m2/repository/org/springframework/spring-aop/4.3.11.RELEASE/spring-aop-4.3.11.RELEASE.jar:/Users/narasimhakotnala/.m2/repository/org/aspectj/aspectjweaver/1.8.10/aspectjweaver-1.8.10.jar:/Users/narasimhakotnala/.m2/repository/org/springframework/boot/spring-boot-starter-jdbc/1.5.7.RELEASE/spring-boot-starter-jdbc-1.5.7.RELEASE.jar:/Users/narasimhakotnala/.m2/repository/org/apache/tomcat/tomcat-jdbc/8.5.20/tomcat-jdbc-8.5.20.jar:/Users/narasimhakotnala/.m2/repository/org/apache/tomcat/tomcat-juli/8.5.20/tomcat-juli-8.5.20.jar:/Users/narasimhakotnala/.m2/repository/org/springframework/spring-jdbc/4.3.11.RELEASE/spring-jdbc-4.3.11.RELEASE.jar:/Users/narasimhakotnala/.m2/repository/org/hibernate/hibernate-core/5.0.12.Final/hibernate-core-5.0.12.Final.jar:/Users/narasimhakotnala/.m2/repository/org/hibernate/javax/persistence/hibernate-jpa-2.1-api/1.0.0.Final/hibernate-jpa-2.1-api-1.0.0.Final.jar:/Users/narasimhakotnala/.m2/repository/org/javassist/javassist/3.18.1-GA/javassist-3.18.1-GA.jar:/Users/narasimhakotnala/.m2/repository/antlr/antlr/2.7.7/antlr-2.7.7.jar:/Users/narasimhakotnala/.m2/repository/org/jboss/jandex/2.0.0.Final/jandex-2.0.0.Final.jar:/Users/narasimhakotnala/.m2/repository/dom4j/dom4j/1.6.1/dom4j-1.6.1.jar:/Users/narasimhakotnala/.m2/repository/xml-apis/xml-apis/1.0.b2/xml-apis-1.0.b2.jar:/Users/narasimhakotnala/.m2/repository/org/hibernate/common/hibernate-commons-annotations/5.0.1.Final/hibernate-commons-annotations-5.0.1.Final.jar:/Users/narasimhakotnala/.m2/repository/org/hibernate/hibernate-entitymanager/5.0.12.Final/hibernate-entitymanager-5.0.12.Final.jar:/Users/narasimhakotnala/.m2/repository/javax/transaction/javax.transaction-api/1.2/javax.transaction-api-1.2.jar:/Users/narasimhakotnala/.m2/repository/org/springframework/data/spring-data-jpa/1.11.7.RELEASE/spring-data-jpa-1.11.7.RELEASE.jar:/Users/narasimhakotnala/.m2/repository/org/springframework/data/spring-data-commons/1.13.7.RELEASE/spring-data-commons-1.13.7.RELEASE.jar:/Users/narasimhakotnala/.m2/repository/org/springframework/spring-orm/4.3.11.RELEASE/spring-orm-4.3.11.RELEASE.jar:/Users/narasimhakotnala/.m2/repository/org/springframework/spring-context/4.3.11.RELEASE/spring-context-4.3.11.RELEASE.jar:/Users/narasimhakotnala/.m2/repository/org/springframework/spring-expression/4.3.11.RELEASE/spring-expression-4.3.11.RELEASE.jar:/Users/narasimhakotnala/.m2/repository/org/springframework/spring-tx/4.3.11.RELEASE/spring-tx-4.3.11.RELEASE.jar:/Users/narasimhakotnala/.m2/repository/org/springframework/spring-beans/4.3.11.RELEASE/spring-beans-4.3.11.RELEASE.jar:/Users/narasimhakotnala/.m2/repository/org/springframework/spring-aspects/4.3.11.RELEASE/spring-aspects-4.3.11.RELEASE.jar:/Users/narasimhakotnala/.m2/repository/org/springframework/boot/spring-boot-starter-test/1.5.7.RELEASE/spring-boot-starter-test-1.5.7.RELEASE.jar:/Users/narasimhakotnala/.m2/repository/org/springframework/boot/spring-boot-test/1.5.7.RELEASE/spring-boot-test-1.5.7.RELEASE.jar:/Users/narasimhakotnala/.m2/repository/org/springframework/boot/spring-boot-test-autoconfigure/1.5.7.RELEASE/spring-boot-test-autoconfigure-1.5.7.RELEASE.jar:/Users/narasimhakotnala/.m2/repository/com/jayway/jsonpath/json-path/2.2.0/json-path-2.2.0.jar:/Users/narasimhakotnala/.m2/repository/net/minidev/json-smart/2.2.1/json-smart-2.2.1.jar:/Users/narasimhakotnala/.m2/repository/net/minidev/accessors-smart/1.1/accessors-smart-1.1.jar:/Users/narasimhakotnala/.m2/repository/org/ow2/asm/asm/5.0.3/asm-5.0.3.jar:/Users/narasimhakotnala/.m2/repository/org/assertj/assertj-core/2.6.0/assertj-core-2.6.0.jar:/Users/narasimhakotnala/.m2/repository/org/mockito/mockito-core/1.10.19/mockito-core-1.10.19.jar:/Users/narasimhakotnala/.m2/repository/org/objenesis/objenesis/2.1/objenesis-2.1.jar:/Users/narasimhakotnala/.m2/repository/org/hamcrest/hamcrest-core/1.3/hamcrest-core-1.3.jar:/Users/narasimhakotnala/.m2/repository/org/hamcrest/hamcrest-library/1.3/hamcrest-library-1.3.jar:/Users/narasimhakotnala/.m2/repository/org/skyscreamer/jsonassert/1.4.0/jsonassert-1.4.0.jar:/Users/narasimhakotnala/.m2/repository/com/vaadin/external/google/android-json/0.0.20131108.vaadin1/android-json-0.0.20131108.vaadin1.jar:/Users/narasimhakotnala/.m2/repository/org/springframework/spring-core/4.3.11.RELEASE/spring-core-4.3.11.RELEASE.jar:/Users/narasimhakotnala/.m2/repository/org/springframework/spring-test/4.3.11.RELEASE/spring-test-4.3.11.RELEASE.jar:/Users/narasimhakotnala/.m2/repository/org/hibernate/hibernate-c3p0/5.2.17.Final/hibernate-c3p0-5.2.17.Final.jar:/Users/narasimhakotnala/.m2/repository/org/jboss/logging/jboss-logging/3.3.1.Final/jboss-logging-3.3.1.Final.jar:/Users/narasimhakotnala/.m2/repository/com/mchange/c3p0/0.9.5.2/c3p0-0.9.5.2.jar:/Users/narasimhakotnala/.m2/repository/com/mchange/mchange-commons-java/0.2.11/mchange-commons-java-0.2.11.jar:/Users/narasimhakotnala/Documents/a2si-appointments-poc/cc-core/target/cc-core-3.6.0.a.jar:/Users/narasimhakotnala/.m2/repository/ca/uhn/hapi/fhir/hapi-fhir-base/3.4.0/hapi-fhir-base-3.4.0.jar:/Users/narasimhakotnala/.m2/repository/com/google/code/gson/gson/2.8.1/gson-2.8.1.jar:/Users/narasimhakotnala/.m2/repository/org/apache/commons/commons-lang3/3.7/commons-lang3-3.7.jar:/Users/narasimhakotnala/.m2/repository/commons-io/commons-io/2.5/commons-io-2.5.jar:/Users/narasimhakotnala/.m2/repository/ca/uhn/hapi/fhir/hapi-fhir-structures-hl7org-dstu2/3.4.0/hapi-fhir-structures-hl7org-dstu2-3.4.0.jar:/Users/narasimhakotnala/.m2/repository/xpp3/xpp3_min/1.1.4c/xpp3_min-1.1.4c.jar:/Users/narasimhakotnala/.m2/repository/net/sf/saxon/Saxon-HE/9.5.1-5/Saxon-HE-9.5.1-5.jar:/Users/narasimhakotnala/Documents/a2si-appointments-poc/ccri-database/target/ccri-database-3.6.0.a.jar:/Users/narasimhakotnala/.m2/repository/org/apache/commons/commons-dbcp2/2.1.1/commons-dbcp2-2.1.1.jar:/Users/narasimhakotnala/.m2/repository/org/apache/commons/commons-pool2/2.4.2/commons-pool2-2.4.2.jar:/Users/narasimhakotnala/.m2/repository/commons-logging/commons-logging/1.2/commons-logging-1.2.jar:/Users/narasimhakotnala/.m2/repository/com/h2database/h2/1.4.196/h2-1.4.196.jar:/Users/narasimhakotnala/.m2/repository/org/slf4j/slf4j-jdk14/1.7.25/slf4j-jdk14-1.7.25.jar:/Users/narasimhakotnala/.m2/repository/org/slf4j/slf4j-api/1.7.25/slf4j-api-1.7.25.jar:/Users/narasimhakotnala/.m2/repository/org/apache/commons/commons-collections4/4.1/commons-collections4-4.1.jar:/Users/narasimhakotnala/.m2/repository/org/apache/commons/commons-csv/1.5/commons-csv-1.5.jar:/Users/narasimhakotnala/.m2/repository/com/google/guava/guava/23.0/guava-23.0.jar:/Users/narasimhakotnala/.m2/repository/com/google/code/findbugs/jsr305/1.3.9/jsr305-1.3.9.jar:/Users/narasimhakotnala/.m2/repository/com/google/errorprone/error_prone_annotations/2.0.18/error_prone_annotations-2.0.18.jar:/Users/narasimhakotnala/.m2/repository/com/google/j2objc/j2objc-annotations/1.1/j2objc-annotations-1.1.jar:/Users/narasimhakotnala/.m2/repository/org/codehaus/mojo/animal-sniffer-annotations/1.14/animal-sniffer-annotations-1.14.jar:/Users/narasimhakotnala/.m2/repository/org/flywaydb/flyway-core/4.2.0/flyway-core-4.2.0.jar:/Users/narasimhakotnala/.m2/repository/info/cukes/cucumber-spring/1.2.5/cucumber-spring-1.2.5.jar:/Users/narasimhakotnala/.m2/repository/info/cukes/cucumber-java/1.2.5/cucumber-java-1.2.5.jar:/Users/narasimhakotnala/.m2/repository/info/cukes/cucumber-core/1.2.5/cucumber-core-1.2.5.jar:/Users/narasimhakotnala/.m2/repository/info/cukes/cucumber-html/0.2.3/cucumber-html-0.2.3.jar:/Users/narasimhakotnala/.m2/repository/info/cukes/cucumber-jvm-deps/1.0.5/cucumber-jvm-deps-1.0.5.jar:/Users/narasimhakotnala/.m2/repository/info/cukes/gherkin/2.12.2/gherkin-2.12.2.jar:/Users/narasimhakotnala/.m2/repository/info/cukes/cucumber-junit/1.2.5/cucumber-junit-1.2.5.jar:/Users/narasimhakotnala/.m2/repository/junit/junit/4.12/junit-4.12.jar:/Users/narasimhakotnala/.m2/repository/org/mockito/mockito-all/1.10.19/mockito-all-1.10.19.jar:/Users/narasimhakotnala/.m2/repository/org/hamcrest/java-hamcrest/2.0.0.0/java-hamcrest-2.0.0.0.jar:/Users/narasimhakotnala/.m2/repository/org/slf4j/jcl-over-slf4j/1.7.25/jcl-over-slf4j-1.7.25.jar:/Users/narasimhakotnala/.m2/repository/ch/qos/logback/logback-classic/1.2.3/logback-classic-1.2.3.jar:/Users/narasimhakotnala/.m2/repository/ch/qos/logback/logback-core/1.2.3/logback-core-1.2.3.jar:/Users/narasimhakotnala/.m2/repository/ca/uhn/hapi/fhir/hapi-fhir-server/3.4.0/hapi-fhir-server-3.4.0.jar:/Users/narasimhakotnala/.m2/repository/ca/uhn/hapi/fhir/hapi-fhir-structures-dstu3/3.4.0/hapi-fhir-structures-dstu3-3.4.0.jar:/Users/narasimhakotnala/.m2/repository/ca/uhn/hapi/fhir/hapi-fhir-utilities/3.4.0/hapi-fhir-utilities-3.4.0.jar:/Users/narasimhakotnala/.m2/repository/commons-codec/commons-codec/1.1/commons-codec-1.1.jar:/Users/narasimhakotnala/.m2/repository/ca/uhn/hapi/fhir/hapi-fhir-validation-resources-dstu3/3.4.0/hapi-fhir-validation-resources-dstu3-3.4.0.jar:/Users/narasimhakotnala/.m2/repository/com/phloc/phloc-commons/4.4.11/phloc-commons-4.4.11.jar:/Users/narasimhakotnala/.m2/repository/com/google/code/findbugs/annotations/2.0.3/annotations-2.0.3.jar:"/>
    <property name="java.vm.vendor" value="Oracle Corporation"/>
    <property name="sun.arch.data.model" value="64"/>
    <property name="java.vendor.url" value="http://java.oracle.com/"/>
    <property name="user.timezone" value=""/>
    <property name="java.vm.specification.version" value="1.8"/>
    <property name="os.name" value="Mac OS X"/>
    <property name="user.country" value="GB"/>
    <property name="sun.java.launcher" value="SUN_STANDARD"/>
    <property name="sun.boot.library.path" value="/Library/Java/JavaVirtualMachines/jdk1.8.0_181.jdk/Contents/Home/jre/lib"/>
    <property name="sun.java.command" value="/Users/narasimhakotnala/Documents/a2si-appointments-poc/ccri-dao-stu3/target/surefire/surefirebooter3146130306373588323.jar /Users/narasimhakotnala/Documents/a2si-appointments-poc/ccri-dao-stu3/target/surefire 2018-09-07T14-52-09_426-jvmRun1 surefire2384951659416806771tmp surefire_03750426476858617100tmp"/>
    <property name="http.nonProxyHosts" value="local|*.local|169.254/16|*.169.254/16"/>
    <property name="surefire.test.class.path" value="/Users/narasimhakotnala/Documents/a2si-appointments-poc/ccri-dao-stu3/target/test-classes:/Users/narasimhakotnala/Documents/a2si-appointments-poc/ccri-dao-stu3/target/ccri-dao-stu3-3.6.0.a.jar:/Users/narasimhakotnala/.m2/repository/org/springframework/boot/spring-boot-starter-data-jpa/1.5.7.RELEASE/spring-boot-starter-data-jpa-1.5.7.RELEASE.jar:/Users/narasimhakotnala/.m2/repository/org/springframework/boot/spring-boot-starter/1.5.7.RELEASE/spring-boot-starter-1.5.7.RELEASE.jar:/Users/narasimhakotnala/.m2/repository/org/springframework/boot/spring-boot/1.5.7.RELEASE/spring-boot-1.5.7.RELEASE.jar:/Users/narasimhakotnala/.m2/repository/org/springframework/boot/spring-boot-autoconfigure/1.5.7.RELEASE/spring-boot-autoconfigure-1.5.7.RELEASE.jar:/Users/narasimhakotnala/.m2/repository/org/springframework/boot/spring-boot-starter-logging/1.5.7.RELEASE/spring-boot-starter-logging-1.5.7.RELEASE.jar:/Users/narasimhakotnala/.m2/repository/org/slf4j/jul-to-slf4j/1.7.25/jul-to-slf4j-1.7.25.jar:/Users/narasimhakotnala/.m2/repository/org/slf4j/log4j-over-slf4j/1.7.25/log4j-over-slf4j-1.7.25.jar:/Users/narasimhakotnala/.m2/repository/org/yaml/snakeyaml/1.17/snakeyaml-1.17.jar:/Users/narasimhakotnala/.m2/repository/org/springframework/boot/spring-boot-starter-aop/1.5.7.RELEASE/spring-boot-starter-aop-1.5.7.RELEASE.jar:/Users/narasimhakotnala/.m2/repository/org/springframework/spring-aop/4.3.11.RELEASE/spring-aop-4.3.11.RELEASE.jar:/Users/narasimhakotnala/.m2/repository/org/aspectj/aspectjweaver/1.8.10/aspectjweaver-1.8.10.jar:/Users/narasimhakotnala/.m2/repository/org/springframework/boot/spring-boot-starter-jdbc/1.5.7.RELEASE/spring-boot-starter-jdbc-1.5.7.RELEASE.jar:/Users/narasimhakotnala/.m2/repository/org/apache/tomcat/tomcat-jdbc/8.5.20/tomcat-jdbc-8.5.20.jar:/Users/narasimhakotnala/.m2/repository/org/apache/tomcat/tomcat-juli/8.5.20/tomcat-juli-8.5.20.jar:/Users/narasimhakotnala/.m2/repository/org/springframework/spring-jdbc/4.3.11.RELEASE/spring-jdbc-4.3.11.RELEASE.jar:/Users/narasimhakotnala/.m2/repository/org/hibernate/hibernate-core/5.0.12.Final/hibernate-core-5.0.12.Final.jar:/Users/narasimhakotnala/.m2/repository/org/hibernate/javax/persistence/hibernate-jpa-2.1-api/1.0.0.Final/hibernate-jpa-2.1-api-1.0.0.Final.jar:/Users/narasimhakotnala/.m2/repository/org/javassist/javassist/3.18.1-GA/javassist-3.18.1-GA.jar:/Users/narasimhakotnala/.m2/repository/antlr/antlr/2.7.7/antlr-2.7.7.jar:/Users/narasimhakotnala/.m2/repository/org/jboss/jandex/2.0.0.Final/jandex-2.0.0.Final.jar:/Users/narasimhakotnala/.m2/repository/dom4j/dom4j/1.6.1/dom4j-1.6.1.jar:/Users/narasimhakotnala/.m2/repository/xml-apis/xml-apis/1.0.b2/xml-apis-1.0.b2.jar:/Users/narasimhakotnala/.m2/repository/org/hibernate/common/hibernate-commons-annotations/5.0.1.Final/hibernate-commons-annotations-5.0.1.Final.jar:/Users/narasimhakotnala/.m2/repository/org/hibernate/hibernate-entitymanager/5.0.12.Final/hibernate-entitymanager-5.0.12.Final.jar:/Users/narasimhakotnala/.m2/repository/javax/transaction/javax.transaction-api/1.2/javax.transaction-api-1.2.jar:/Users/narasimhakotnala/.m2/repository/org/springframework/data/spring-data-jpa/1.11.7.RELEASE/spring-data-jpa-1.11.7.RELEASE.jar:/Users/narasimhakotnala/.m2/repository/org/springframework/data/spring-data-commons/1.13.7.RELEASE/spring-data-commons-1.13.7.RELEASE.jar:/Users/narasimhakotnala/.m2/repository/org/springframework/spring-orm/4.3.11.RELEASE/spring-orm-4.3.11.RELEASE.jar:/Users/narasimhakotnala/.m2/repository/org/springframework/spring-context/4.3.11.RELEASE/spring-context-4.3.11.RELEASE.jar:/Users/narasimhakotnala/.m2/repository/org/springframework/spring-expression/4.3.11.RELEASE/spring-expression-4.3.11.RELEASE.jar:/Users/narasimhakotnala/.m2/repository/org/springframework/spring-tx/4.3.11.RELEASE/spring-tx-4.3.11.RELEASE.jar:/Users/narasimhakotnala/.m2/repository/org/springframework/spring-beans/4.3.11.RELEASE/spring-beans-4.3.11.RELEASE.jar:/Users/narasimhakotnala/.m2/repository/org/springframework/spring-aspects/4.3.11.RELEASE/spring-aspects-4.3.11.RELEASE.jar:/Users/narasimhakotnala/.m2/repository/org/springframework/boot/spring-boot-starter-test/1.5.7.RELEASE/spring-boot-starter-test-1.5.7.RELEASE.jar:/Users/narasimhakotnala/.m2/repository/org/springframework/boot/spring-boot-test/1.5.7.RELEASE/spring-boot-test-1.5.7.RELEASE.jar:/Users/narasimhakotnala/.m2/repository/org/springframework/boot/spring-boot-test-autoconfigure/1.5.7.RELEASE/spring-boot-test-autoconfigure-1.5.7.RELEASE.jar:/Users/narasimhakotnala/.m2/repository/com/jayway/jsonpath/json-path/2.2.0/json-path-2.2.0.jar:/Users/narasimhakotnala/.m2/repository/net/minidev/json-smart/2.2.1/json-smart-2.2.1.jar:/Users/narasimhakotnala/.m2/repository/net/minidev/accessors-smart/1.1/accessors-smart-1.1.jar:/Users/narasimhakotnala/.m2/repository/org/ow2/asm/asm/5.0.3/asm-5.0.3.jar:/Users/narasimhakotnala/.m2/repository/org/assertj/assertj-core/2.6.0/assertj-core-2.6.0.jar:/Users/narasimhakotnala/.m2/repository/org/mockito/mockito-core/1.10.19/mockito-core-1.10.19.jar:/Users/narasimhakotnala/.m2/repository/org/objenesis/objenesis/2.1/objenesis-2.1.jar:/Users/narasimhakotnala/.m2/repository/org/hamcrest/hamcrest-core/1.3/hamcrest-core-1.3.jar:/Users/narasimhakotnala/.m2/repository/org/hamcrest/hamcrest-library/1.3/hamcrest-library-1.3.jar:/Users/narasimhakotnala/.m2/repository/org/skyscreamer/jsonassert/1.4.0/jsonassert-1.4.0.jar:/Users/narasimhakotnala/.m2/repository/com/vaadin/external/google/android-json/0.0.20131108.vaadin1/android-json-0.0.20131108.vaadin1.jar:/Users/narasimhakotnala/.m2/repository/org/springframework/spring-core/4.3.11.RELEASE/spring-core-4.3.11.RELEASE.jar:/Users/narasimhakotnala/.m2/repository/org/springframework/spring-test/4.3.11.RELEASE/spring-test-4.3.11.RELEASE.jar:/Users/narasimhakotnala/.m2/repository/org/hibernate/hibernate-c3p0/5.2.17.Final/hibernate-c3p0-5.2.17.Final.jar:/Users/narasimhakotnala/.m2/repository/org/jboss/logging/jboss-logging/3.3.1.Final/jboss-logging-3.3.1.Final.jar:/Users/narasimhakotnala/.m2/repository/com/mchange/c3p0/0.9.5.2/c3p0-0.9.5.2.jar:/Users/narasimhakotnala/.m2/repository/com/mchange/mchange-commons-java/0.2.11/mchange-commons-java-0.2.11.jar:/Users/narasimhakotnala/Documents/a2si-appointments-poc/cc-core/target/cc-core-3.6.0.a.jar:/Users/narasimhakotnala/.m2/repository/ca/uhn/hapi/fhir/hapi-fhir-base/3.4.0/hapi-fhir-base-3.4.0.jar:/Users/narasimhakotnala/.m2/repository/com/google/code/gson/gson/2.8.1/gson-2.8.1.jar:/Users/narasimhakotnala/.m2/repository/org/apache/commons/commons-lang3/3.7/commons-lang3-3.7.jar:/Users/narasimhakotnala/.m2/repository/commons-io/commons-io/2.5/commons-io-2.5.jar:/Users/narasimhakotnala/.m2/repository/ca/uhn/hapi/fhir/hapi-fhir-structures-hl7org-dstu2/3.4.0/hapi-fhir-structures-hl7org-dstu2-3.4.0.jar:/Users/narasimhakotnala/.m2/repository/xpp3/xpp3_min/1.1.4c/xpp3_min-1.1.4c.jar:/Users/narasimhakotnala/.m2/repository/net/sf/saxon/Saxon-HE/9.5.1-5/Saxon-HE-9.5.1-5.jar:/Users/narasimhakotnala/Documents/a2si-appointments-poc/ccri-database/target/ccri-database-3.6.0.a.jar:/Users/narasimhakotnala/.m2/repository/org/apache/commons/commons-dbcp2/2.1.1/commons-dbcp2-2.1.1.jar:/Users/narasimhakotnala/.m2/repository/org/apache/commons/commons-pool2/2.4.2/commons-pool2-2.4.2.jar:/Users/narasimhakotnala/.m2/repository/commons-logging/commons-logging/1.2/commons-logging-1.2.jar:/Users/narasimhakotnala/.m2/repository/com/h2database/h2/1.4.196/h2-1.4.196.jar:/Users/narasimhakotnala/.m2/repository/org/slf4j/slf4j-jdk14/1.7.25/slf4j-jdk14-1.7.25.jar:/Users/narasimhakotnala/.m2/repository/org/slf4j/slf4j-api/1.7.25/slf4j-api-1.7.25.jar:/Users/narasimhakotnala/.m2/repository/org/apache/commons/commons-collections4/4.1/commons-collections4-4.1.jar:/Users/narasimhakotnala/.m2/repository/org/apache/commons/commons-csv/1.5/commons-csv-1.5.jar:/Users/narasimhakotnala/.m2/repository/com/google/guava/guava/23.0/guava-23.0.jar:/Users/narasimhakotnala/.m2/repository/com/google/code/findbugs/jsr305/1.3.9/jsr305-1.3.9.jar:/Users/narasimhakotnala/.m2/repository/com/google/errorprone/error_prone_annotations/2.0.18/error_prone_annotations-2.0.18.jar:/Users/narasimhakotnala/.m2/repository/com/google/j2objc/j2objc-annotations/1.1/j2objc-annotations-1.1.jar:/Users/narasimhakotnala/.m2/repository/org/codehaus/mojo/animal-sniffer-annotations/1.14/animal-sniffer-annotations-1.14.jar:/Users/narasimhakotnala/.m2/repository/org/flywaydb/flyway-core/4.2.0/flyway-core-4.2.0.jar:/Users/narasimhakotnala/.m2/repository/info/cukes/cucumber-spring/1.2.5/cucumber-spring-1.2.5.jar:/Users/narasimhakotnala/.m2/repository/info/cukes/cucumber-java/1.2.5/cucumber-java-1.2.5.jar:/Users/narasimhakotnala/.m2/repository/info/cukes/cucumber-core/1.2.5/cucumber-core-1.2.5.jar:/Users/narasimhakotnala/.m2/repository/info/cukes/cucumber-html/0.2.3/cucumber-html-0.2.3.jar:/Users/narasimhakotnala/.m2/repository/info/cukes/cucumber-jvm-deps/1.0.5/cucumber-jvm-deps-1.0.5.jar:/Users/narasimhakotnala/.m2/repository/info/cukes/gherkin/2.12.2/gherkin-2.12.2.jar:/Users/narasimhakotnala/.m2/repository/info/cukes/cucumber-junit/1.2.5/cucumber-junit-1.2.5.jar:/Users/narasimhakotnala/.m2/repository/junit/junit/4.12/junit-4.12.jar:/Users/narasimhakotnala/.m2/repository/org/mockito/mockito-all/1.10.19/mockito-all-1.10.19.jar:/Users/narasimhakotnala/.m2/repository/org/hamcrest/java-hamcrest/2.0.0.0/java-hamcrest-2.0.0.0.jar:/Users/narasimhakotnala/.m2/repository/org/slf4j/jcl-over-slf4j/1.7.25/jcl-over-slf4j-1.7.25.jar:/Users/narasimhakotnala/.m2/repository/ch/qos/logback/logback-classic/1.2.3/logback-classic-1.2.3.jar:/Users/narasimhakotnala/.m2/repository/ch/qos/logback/logback-core/1.2.3/logback-core-1.2.3.jar:/Users/narasimhakotnala/.m2/repository/ca/uhn/hapi/fhir/hapi-fhir-server/3.4.0/hapi-fhir-server-3.4.0.jar:/Users/narasimhakotnala/.m2/repository/ca/uhn/hapi/fhir/hapi-fhir-structures-dstu3/3.4.0/hapi-fhir-structures-dstu3-3.4.0.jar:/Users/narasimhakotnala/.m2/repository/ca/uhn/hapi/fhir/hapi-fhir-utilities/3.4.0/hapi-fhir-utilities-3.4.0.jar:/Users/narasimhakotnala/.m2/repository/commons-codec/commons-codec/1.1/commons-codec-1.1.jar:/Users/narasimhakotnala/.m2/repository/ca/uhn/hapi/fhir/hapi-fhir-validation-resources-dstu3/3.4.0/hapi-fhir-validation-resources-dstu3-3.4.0.jar:/Users/narasimhakotnala/.m2/repository/com/phloc/phloc-commons/4.4.11/phloc-commons-4.4.11.jar:/Users/narasimhakotnala/.m2/repository/com/google/code/findbugs/annotations/2.0.3/annotations-2.0.3.jar:"/>
    <property name="sun.cpu.endian" value="little"/>
    <property name="user.home" value="/Users/narasimhakotnala"/>
    <property name="user.language" value="en"/>
    <property name="java.specification.vendor" value="Oracle Corporation"/>
    <property name="java.home" value="/Library/Java/JavaVirtualMachines/jdk1.8.0_181.jdk/Contents/Home/jre"/>
    <property name="basedir" value="/Users/narasimhakotnala/Documents/a2si-appointments-poc/ccri-dao-stu3"/>
    <property name="file.separator" value="/"/>
    <property name="line.separator" value="&#10;"/>
    <property name="java.vm.specification.vendor" value="Oracle Corporation"/>
    <property name="java.specification.name" value="Java Platform API Specification"/>
    <property name="java.awt.graphicsenv" value="sun.awt.CGraphicsEnvironment"/>
    <property name="surefire.real.class.path" value="/Users/narasimhakotnala/Documents/a2si-appointments-poc/ccri-dao-stu3/target/surefire/surefirebooter3146130306373588323.jar"/>
    <property name="sun.boot.class.path" value="/Library/Java/JavaVirtualMachines/jdk1.8.0_181.jdk/Contents/Home/jre/lib/resources.jar:/Library/Java/JavaVirtualMachines/jdk1.8.0_181.jdk/Contents/Home/jre/lib/rt.jar:/Library/Java/JavaVirtualMachines/jdk1.8.0_181.jdk/Contents/Home/jre/lib/sunrsasign.jar:/Library/Java/JavaVirtualMachines/jdk1.8.0_181.jdk/Contents/Home/jre/lib/jsse.jar:/Library/Java/JavaVirtualMachines/jdk1.8.0_181.jdk/Contents/Home/jre/lib/jce.jar:/Library/Java/JavaVirtualMachines/jdk1.8.0_181.jdk/Contents/Home/jre/lib/charsets.jar:/Library/Java/JavaVirtualMachines/jdk1.8.0_181.jdk/Contents/Home/jre/lib/jfr.jar:/Library/Java/JavaVirtualMachines/jdk1.8.0_181.jdk/Contents/Home/jre/classes"/>
    <property name="sun.management.compiler" value="HotSpot 64-Bit Tiered Compilers"/>
    <property name="ftp.nonProxyHosts" value="local|*.local|169.254/16|*.169.254/16"/>
    <property name="java.runtime.version" value="1.8.0_181-b13"/>
    <property name="user.name" value="narasimhakotnala"/>
    <property name="path.separator" value=":"/>
    <property name="os.version" value="10.13.6"/>
    <property name="java.endorsed.dirs" value="/Library/Java/JavaVirtualMachines/jdk1.8.0_181.jdk/Contents/Home/jre/lib/endorsed"/>
    <property name="java.runtime.name" value="Java(TM) SE Runtime Environment"/>
    <property name="file.encoding" value="UTF-8"/>
    <property name="java.vm.name" value="Java HotSpot(TM) 64-Bit Server VM"/>
    <property name="localRepository" value="/Users/narasimhakotnala/.m2/repository"/>
    <property name="java.vendor.url.bug" value="http://bugreport.sun.com/bugreport/"/>
    <property name="java.io.tmpdir" value="/var/folders/r2/7t5k8m4n6d329k2z73h_hvp80000gn/T/"/>
    <property name="idea.version" value="2018.2.1"/>
    <property name="java.version" value="1.8.0_181"/>
    <property name="user.dir" value="/Users/narasimhakotnala/Documents/a2si-appointments-poc/ccri-dao-stu3"/>
    <property name="os.arch" value="x86_64"/>
    <property name="java.vm.specification.name" value="Java Virtual Machine Specification"/>
    <property name="java.awt.printerjob" value="sun.lwawt.macosx.CPrinterJob"/>
    <property name="sun.os.patch.level" value="unknown"/>
    <property name="java.library.path" value="/Users/narasimhakotnala/Library/Java/Extensions:/Library/Java/Extensions:/Network/Library/Java/Extensions:/System/Library/Java/Extensions:/usr/lib/java:."/>
    <property name="java.vm.info" value="mixed mode"/>
    <property name="java.vendor" value="Oracle Corporation"/>
    <property name="java.vm.version" value="25.181-b13"/>
    <property name="java.ext.dirs" value="/Users/narasimhakotnala/Library/Java/Extensions:/Library/Java/JavaVirtualMachines/jdk1.8.0_181.jdk/Contents/Home/jre/lib/ext:/Library/Java/Extensions:/Network/Library/Java/Extensions:/System/Library/Java/Extensions:/usr/lib/java"/>
    <property name="sun.io.unicode.encoding" value="UnicodeBig"/>
    <property name="java.class.version" value="52.0"/>
    <property name="socksNonProxyHosts" value="local|*.local|169.254/16|*.169.254/16"/>
  </properties>
  <testcase name="testLoadSnomedCtBadInput" classname="uk.nhs.careconnect.ri.term.TerminologyLoaderTestIT" time="0.08"/>
  <testcase name="testLoadSnomedCt" classname="uk.nhs.careconnect.ri.term.TerminologyLoaderTestIT" time="0.108"/>
  <testcase name="testLoadSnomedCtAgainstRealFile" classname="uk.nhs.careconnect.ri.term.TerminologyLoaderTestIT" time="0">
    <skipped/>
  </testcase>
  <testcase name="testLoadLoinc" classname="uk.nhs.careconnect.ri.term.TerminologyLoaderTestIT" time="0.019"/>
</testsuite>